Arguments: 
  /usr/local/bin/node /usr/local/bin/yarn install

PATH: 
  /usr/local/opt/node@14/bin:/usr/local/bin:/usr/bin:/bin:/usr/sbin:/sbin:/Users/marmikpandya/Library/Android/sdk/emulator:/Users/marmikpandya/Library/Android/sdk/tools:/Users/marmikpandya/Library/Android/sdk/tools/bin:/Users/marmikpandya/Library/Android/sdk/platform-tools

Yarn version: 
  1.22.10

Node version: 
  14.15.1

Platform: 
  darwin x64

Trace: 
  SyntaxError: /Users/marmikpandya/Desktop/personal/deVault/deVaultApp/web/backend/package.json: Unexpected token } in JSON at position 406
      at JSON.parse (<anonymous>)
      at /usr/local/lib/node_modules/yarn/lib/cli.js:1625:59
      at Generator.next (<anonymous>)
      at step (/usr/local/lib/node_modules/yarn/lib/cli.js:310:30)
      at /usr/local/lib/node_modules/yarn/lib/cli.js:321:13

npm manifest: 
  {
    "name": "devault-app",
    "version": "1.0.0",
    "main": "server.js",
    "repository": "git@github.com:marmikcfc/voyant-app.git",
    "author": "Marmik Pandya <marmikpandya@gmail.com>",
    "license": "MIT",
    "dependencies": {
      "amqplib": "^0.5.5",
      "bcryptjs": "^2.4.3",
      "cors": "^2.8.5",
      "dotenv": "^8.2.0",
      "express": "^4.17.1",
      "jsonwebtoken": "^8.5.1",
      "mongoose": "^5.8.4",
    },
    "devDependencies": {
      "@babel/cli": "7.8.3",
      "@babel/core": "7.8.3",
      "@babel/node": "7.8.3",
      "babel-cli": "6.26.0",
      "babel-preset-es2015": "6.24.1",
      "rimraf": "3.0.1"
    },
    "scripts": {
      "test": "echo \"Error: no test specified\" && exit 1",
      "build": "yarn install --frozen-lockfile && rimraf dist/ && babel ./ --out-dir dist/ --ignore ./node_modules,./.babelrc,./package.json,./npm-debug.log --copy-files",
      "start": "yarn run build && node dist/app.js"
    }
  }

yarn manifest: 
  No manifest

Lockfile: 
  No lockfile
